<?xml version="1.0" encoding="UTF-8"?>
<!-- Generated by org.testng.reporters.JUnitReportReporter -->
<testsuite skipped="0" hostname="cibweb05.standardbank.co.za" name="policiesapi" tests="7" failures="0" timestamp="2023-04-21T14:17:37 SAST" time="9.105" errors="0">
  <testcase name="healthCheck" time="3.048" classname="policiesapi"/>
  <system-out/>
  <testcase name="NoAuthorisation" time="0.316" classname="policiesapi"/>
  <system-out/>
  <testcase name="login" time="1.013" classname="policiesapi"/>
  <system-out/>
  <testcase name="tokenrequest" time="1.461" classname="policiesapi"/>
  <system-out/>
  <testcase name="CustomerNoPolicies" time="1.524" classname="policiesapi"/>
  <system-out/>
  <testcase name="CustomerWithPoliciesinMaven" time="0.942" classname="policiesapi"/>
  <system-out/>
  <testcase name="Passport" time="0.801" classname="policiesapi"/>
  <system-out/>
</testsuite> <!-- policiesapi -->
